<?xml version="1.0" encoding="utf-8"?><testsuites><testsuite name="pytest" errors="0" failures="7" skipped="0" tests="17" time="28.290" timestamp="2025-03-22T13:38:57.852311+01:00" hostname="MacBook-Pro-6.local"><testcase classname="tests.test_api" name="test_create_job_api" time="10.082" /><testcase classname="tests.test_api" name="test_get_job_api" time="0.008"><failure message="assert 422 == 201&#10; +  where 422 = &lt;Response [422]&gt;.status_code">setup_api_test_env = None

    def test_get_job_api(setup_api_test_env):
        """Test retrieving a job through the API"""
        # Create a job
        job_data = {
            "name": "API Test Job 2",
            "description": "Test job for API get testing",
            "task_type": "ENTITY_START",
            "cron_expression": "0 */2 * * *",  # Run every 2 hours
            "pipeline_id": TEST_PIPELINE_ID,
            "entity_id": TEST_ENTITY_ID,
            "with_snapshot": True,
            "enabled": True
        }
    
        response = requests.post(f"{TEST_API_URL}/jobs", json=job_data)
        print(f"Response status code: {response.status_code}")
        print(f"Response content: {response.text}")
&gt;       assert response.status_code == 201
E       assert 422 == 201
E        +  where 422 = &lt;Response [422]&gt;.status_code

tests/test_api.py:224: AssertionError</failure></testcase><testcase classname="tests.test_api" name="test_list_jobs_api" time="0.018"><failure message="assert 422 == 201&#10; +  where 422 = &lt;Response [422]&gt;.status_code">setup_api_test_env = None

    def test_list_jobs_api(setup_api_test_env):
        """Test listing jobs through the API"""
        # Create multiple jobs
        job_data_1 = {
            "name": "API Test Job 3",
            "description": "Test job for API list testing 1",
            "task_type": "pipeline_start",
            "cron_expression": "*/15 * * * *",
            "pipeline_id": TEST_PIPELINE_ID,
            "with_snapshot": False,
            "enabled": True
        }
    
        job_data_2 = {
            "name": "API Test Job 4",
            "description": "Test job for API list testing 2",
            "task_type": "ENTITY_STOP",
            "cron_expression": "0 0 * * *",
            "pipeline_id": TEST_PIPELINE_ID,
            "entity_id": TEST_ENTITY_ID,
            "with_snapshot": False,
            "enabled": False
        }
    
        response_1 = requests.post(f"{TEST_API_URL}/jobs", json=job_data_1)
        assert response_1.status_code == 201
        job_id_1 = response_1.json()["id"]
    
        response_2 = requests.post(f"{TEST_API_URL}/jobs", json=job_data_2)
&gt;       assert response_2.status_code == 201
E       assert 422 == 201
E        +  where 422 = &lt;Response [422]&gt;.status_code

tests/test_api.py:275: AssertionError</failure></testcase><testcase classname="tests.test_api" name="test_update_job_api" time="0.026" /><testcase classname="tests.test_api" name="test_delete_job_api" time="0.006"><failure message="assert 422 == 201&#10; +  where 422 = &lt;Response [422]&gt;.status_code">setup_api_test_env = None

    def test_delete_job_api(setup_api_test_env):
        """Test deleting a job through the API"""
        # Create a job
        job_data = {
            "name": "API Test Job 6",
            "description": "Test job for API delete testing",
            "task_type": "ENTITY_SNAPSHOT",
            "cron_expression": "0 0 * * 0",  # Run at midnight on Sundays
            "pipeline_id": TEST_PIPELINE_ID,
            "entity_id": TEST_ENTITY_ID,
            "with_snapshot": False,
            "enabled": True
        }
    
        response = requests.post(f"{TEST_API_URL}/jobs", json=job_data)
        print(f"Response status code: {response.status_code}")
        print(f"Response content: {response.text}")
&gt;       assert response.status_code == 201
E       assert 422 == 201
E        +  where 422 = &lt;Response [422]&gt;.status_code

tests/test_api.py:376: AssertionError</failure></testcase><testcase classname="tests.test_api" name="test_invalid_job_creation" time="0.019" /><testcase classname="tests.test_corehub_integration" name="test_corehub_client_initialization" time="0.003" /><testcase classname="tests.test_corehub_integration" name="test_play_entity_command" time="0.001" /><testcase classname="tests.test_corehub_integration" name="test_pause_entity_command" time="0.001" /><testcase classname="tests.test_corehub_integration" name="test_resync_entity_command" time="0.001" /><testcase classname="tests.test_corehub_integration" name="test_pipeline_manager_play_action" time="2.009" /><testcase classname="tests.test_corehub_integration" name="test_pipeline_manager_pause_action" time="2.013" /><testcase classname="tests.test_corehub_integration" name="test_pipeline_manager_resync_action" time="0.006" /><testcase classname="tests.test_cron_jobs" name="test_create_and_verify_cron_job" time="12.308"><failure message="AssertionError: Cron job not found in crontab&#10;assert False">setup_test_env = None, db_session = &lt;sqlalchemy.orm.session.Session object at 0x1120c7cb0&gt;
cron_service = &lt;services.cron_service.CronService object at 0x1120c7b60&gt;

    def test_create_and_verify_cron_job(setup_test_env, db_session, cron_service):
        """Test creating a cron job through the API and verify it exists in the crontab"""
        # Create a job via API
        job_data = {
            "name": "Test Job 1",
            "description": "Test job for CI",
            "task_type": "pipeline_start",
            "cron_expression": "*/5 * * * *",  # Run every 5 minutes
            "pipeline_id": TEST_PIPELINE_ID,
            "with_snapshot": False,
            "enabled": True
        }
    
        response = requests.post(f"{TEST_API_URL}/jobs", json=job_data)
        assert response.status_code == 201
    
        job_id = response.json()["id"]
        cron_job_identifier = response.json()["cron_job_identifier"]
    
        # Verify job exists in database
        job = db_session.query(ScheduledJob).filter(ScheduledJob.id == job_id).first()
        assert job is not None
        assert job.name == job_data["name"]
        assert job.cron_expression == job_data["cron_expression"]
    
        # Verify job exists in crontab
        found = False
        for cron_job in cron_service.crontab.find_comment(cron_job_identifier):
            found = True
            assert cron_job.enabled
            assert cron_job.slices.minute.parts == [0, 5, 10, 15, 20, 25, 30, 35, 40, 45, 50, 55]
    
&gt;       assert found, "Cron job not found in crontab"
E       AssertionError: Cron job not found in crontab
E       assert False

tests/test_cron_jobs.py:241: AssertionError</failure></testcase><testcase classname="tests.test_cron_jobs" name="test_update_cron_job" time="0.114"><failure message="assert 422 == 201&#10; +  where 422 = &lt;Response [422]&gt;.status_code">setup_test_env = None, db_session = &lt;sqlalchemy.orm.session.Session object at 0x1120c7380&gt;
cron_service = &lt;services.cron_service.CronService object at 0x11216da90&gt;

    def test_update_cron_job(setup_test_env, db_session, cron_service):
        """Test updating a cron job and verify changes are reflected in the crontab"""
        # Create a job via API
        job_data = {
            "name": "Test Job 2",
            "description": "Test job for CI - update test",
            "task_type": "ENTITY_START",
            "cron_expression": "0 */2 * * *",  # Run every 2 hours
            "pipeline_id": TEST_PIPELINE_ID,
            "entity_id": TEST_ENTITY_ID,
            "with_snapshot": True,
            "enabled": True
        }
    
        response = requests.post(f"{TEST_API_URL}/jobs", json=job_data)
&gt;       assert response.status_code == 201
E       assert 422 == 201
E        +  where 422 = &lt;Response [422]&gt;.status_code

tests/test_cron_jobs.py:262: AssertionError</failure></testcase><testcase classname="tests.test_cron_jobs" name="test_delete_cron_job" time="0.151"><failure message="AssertionError: Cron job not found in crontab&#10;assert False">setup_test_env = None, db_session = &lt;sqlalchemy.orm.session.Session object at 0x1120c7230&gt;
cron_service = &lt;services.cron_service.CronService object at 0x11216e350&gt;

    def test_delete_cron_job(setup_test_env, db_session, cron_service):
        """Test deleting a cron job and verify it's removed from the crontab"""
        # Create a job via API
        job_data = {
            "name": "Test Job 3",
            "description": "Test job for CI - delete test",
            "task_type": "pipeline_stop",
            "cron_expression": "0 0 * * *",  # Run at midnight
            "pipeline_id": TEST_PIPELINE_ID,
            "enabled": True
        }
    
        response = requests.post(f"{TEST_API_URL}/jobs", json=job_data)
        assert response.status_code == 201
    
        job_id = response.json()["id"]
        cron_job_identifier = response.json()["cron_job_identifier"]
    
        # Verify job exists in crontab
        found = False
        for cron_job in cron_service.crontab.find_comment(cron_job_identifier):
            found = True
    
&gt;       assert found, "Cron job not found in crontab"
E       AssertionError: Cron job not found in crontab
E       assert False

tests/test_cron_jobs.py:320: AssertionError</failure></testcase><testcase classname="tests.test_cron_jobs" name="test_job_execution" time="0.385"><failure message="assert 422 == 201&#10; +  where 422 = &lt;Response [422]&gt;.status_code">setup_test_env = None, db_session = &lt;sqlalchemy.orm.session.Session object at 0x111f0fb60&gt;

    def test_job_execution(setup_test_env, db_session):
        """Test that a job is executed when its scheduled time arrives"""
        # Create a job that will run in 1 minute
        now = datetime.now()
        one_minute_later = now + timedelta(minutes=1)
    
        cron_expression = f"{one_minute_later.minute} {one_minute_later.hour} * * *"
    
        job_data = {
            "name": "Test Job 4",
            "description": "Test job for CI - execution test",
            "task_type": "ENTITY_SNAPSHOT",
            "cron_expression": cron_expression,
            "pipeline_id": TEST_PIPELINE_ID,
            "entity_id": TEST_ENTITY_ID,
            "enabled": True
        }
    
        response = requests.post(f"{TEST_API_URL}/jobs", json=job_data)
&gt;       assert response.status_code == 201
E       assert 422 == 201
E        +  where 422 = &lt;Response [422]&gt;.status_code

tests/test_cron_jobs.py:357: AssertionError</failure></testcase></testsuite></testsuites>